<?xml version="1.0" encoding="UTF-8"?>
<testsuite xmlns:xsi="http://www.w3.org/2001/XMLSchema-instance" xsi:noNamespaceSchemaLocation="https://maven.apache.org/surefire/maven-surefire-plugin/xsd/surefire-test-report-3.0.xsd" version="3.0" name="rimbreaker.backend.BackendApplicationTests" time="8.462" tests="1" errors="0" skipped="0" failures="0">
  <properties>
[...]
</properties>
  <testcase name="contextLoads" classname="rimbreaker.backend.BackendApplicationTests" time="0.801">
    <system-out><![CDATA[14:31:32.397 [main] INFO org.springframework.test.context.support.AnnotationConfigContextLoaderUtils -- Could not detect default configuration classes for test class [rimbreaker.backend.BackendApplicationTests]: BackendApplicationTests does not declare any static, non-private, non-final, nested classes annotated with @Configuration.
14:31:32.604 [main] INFO org.springframework.boot.test.context.SpringBootTestContextBootstrapper -- Found @SpringBootConfiguration rimbreaker.backend.BackendApplication for test class rimbreaker.backend.BackendApplicationTests

  .   ____          _            __ _ _
 /\\ / ___'_ __ _ _(_)_ __  __ _ \ \ \ \
( ( )\___ | '_ | '_| | '_ \/ _` | \ \ \ \
 \\/  ___)| |_)| | | | | || (_| |  ) ) ) )
  '  |____| .__|_| |_|_| |_\__, | / / / /
 =========|_|==============|___/=/_/_/_/
 :: Spring Boot ::                (v3.2.0)

2024-01-09T14:31:33.237+01:00  INFO 12324 --- [           main] r.backend.BackendApplicationTests        : Starting BackendApplicationTests using Java 17.0.9 with PID 12324 (started by icts22-24.016 in C:\Users\ICTS22-24.016\Documents\GitHub\ITS_Documentation_PDF\Rim_Breakers\backend\backend)
2024-01-09T14:31:33.239+01:00  INFO 12324 --- [           main] r.backend.BackendApplicationTests        : No active profile set, falling back to 1 default profile: "default"
2024-01-09T14:31:34.373+01:00  INFO 12324 --- [           main] .s.d.r.c.RepositoryConfigurationDelegate : Bootstrapping Spring Data JPA repositories in DEFAULT mode.
2024-01-09T14:31:34.487+01:00  INFO 12324 --- [           main] .s.d.r.c.RepositoryConfigurationDelegate : Finished Spring Data repository scanning in 95 ms. Found 5 JPA repository interfaces.
2024-01-09T14:31:35.137+01:00  INFO 12324 --- [           main] com.zaxxer.hikari.HikariDataSource       : HikariPool-1 - Starting...
2024-01-09T14:31:35.400+01:00  INFO 12324 --- [           main] com.zaxxer.hikari.pool.HikariPool        : HikariPool-1 - Added connection com.mysql.cj.jdbc.ConnectionImpl@28279a49
2024-01-09T14:31:35.404+01:00  INFO 12324 --- [           main] com.zaxxer.hikari.HikariDataSource       : HikariPool-1 - Start completed.
2024-01-09T14:31:35.488+01:00  INFO 12324 --- [           main] o.hibernate.jpa.internal.util.LogHelper  : HHH000204: Processing PersistenceUnitInfo [name: default]
2024-01-09T14:31:35.632+01:00  INFO 12324 --- [           main] org.hibernate.Version                    : HHH000412: Hibernate ORM core version 6.3.1.Final
2024-01-09T14:31:35.728+01:00  INFO 12324 --- [           main] o.h.c.internal.RegionFactoryInitiator    : HHH000026: Second-level cache disabled
2024-01-09T14:31:36.213+01:00  INFO 12324 --- [           main] o.s.o.j.p.SpringPersistenceUnitInfo      : No LoadTimeWeaver setup: ignoring JPA class transformer
2024-01-09T14:31:36.356+01:00  WARN 12324 --- [           main] org.hibernate.dialect.Dialect            : HHH000511: The 5.5.0 version for [org.hibernate.dialect.MySQLDialect] is no longer supported, hence certain features may not work properly. The minimum supported version is 5.7.0. Check the community dialects project for available legacy versions.
2024-01-09T14:31:37.631+01:00  INFO 12324 --- [           main] o.h.e.t.j.p.i.JtaPlatformInitiator       : HHH000489: No JTA platform available (set 'hibernate.transaction.jta.platform' to enable JTA platform integration)
2024-01-09T14:31:37.635+01:00  INFO 12324 --- [           main] j.LocalContainerEntityManagerFactoryBean : Initialized JPA EntityManagerFactory for persistence unit 'default'
2024-01-09T14:31:38.024+01:00  INFO 12324 --- [           main] o.s.d.j.r.query.QueryEnhancerFactory     : Hibernate is in classpath; If applicable, HQL parser will be used.
2024-01-09T14:31:39.171+01:00  WARN 12324 --- [           main] JpaBaseConfiguration$JpaWebConfiguration : spring.jpa.open-in-view is enabled by default. Therefore, database queries may be performed during view rendering. Explicitly configure spring.jpa.open-in-view to disable this warning
2024-01-09T14:31:39.696+01:00  INFO 12324 --- [           main] r.backend.BackendApplicationTests        : Started BackendApplicationTests in 6.822 seconds (process running for 8.335)
]]></system-out>
  </testcase>
</testsuite>